Watching for file changes with StatReloader
"GET / HTTP/1.1" 200 1553
"GET /static/bootstrap.min.css HTTP/1.1" 304 0
"GET /static/bootstrap.bundle.min.js HTTP/1.1" 304 0
"GET /static/css/user/login.css HTTP/1.1" 304 0
"GET /static/bootstrap.bundle.min.js.map HTTP/1.1" 404 1895
"GET /static/bootstrap.min.css.map HTTP/1.1" 404 1877
Fallo inicio sesión: 6
"POST /login/ HTTP/1.1" 302 0
"GET / HTTP/1.1" 200 1553
"GET /static/bootstrap.bundle.min.js.map HTTP/1.1" 404 1895
"GET /static/bootstrap.min.css.map HTTP/1.1" 404 1877
C:\Users\enriq\Desktop\Proyectos\DAM\TFG\TFGDAM\GestorDDBB\Gestor\models.py changed, reloading.
Watching for file changes with StatReloader
C:\Users\enriq\Desktop\Proyectos\DAM\TFG\TFGDAM\GestorDDBB\Gestor\models.py changed, reloading.
Watching for file changes with StatReloader
"GET / HTTP/1.1" 200 1553
"GET /static/css/style.css HTTP/1.1" 304 0
"GET /static/fontawesome/css/fontawesome.css HTTP/1.1" 304 0
"GET /static/fontawesome/css/brands.css HTTP/1.1" 304 0
"GET /static/fontawesome/css/solid.css HTTP/1.1" 304 0
"GET /static/bootstrap.min.css.map HTTP/1.1" 404 1877
"GET /static/bootstrap.bundle.min.js.map HTTP/1.1" 404 1895
Fallo inicio sesión: 6
"POST /login/ HTTP/1.1" 302 0
"GET / HTTP/1.1" 200 1553
"GET /static/bootstrap.bundle.min.js.map HTTP/1.1" 404 1895
"GET /static/bootstrap.min.css.map HTTP/1.1" 404 1877
C:\Users\enriq\Desktop\Proyectos\DAM\TFG\TFGDAM\GestorDDBB\Gestor\models.py changed, reloading.
Watching for file changes with StatReloader
"GET / HTTP/1.1" 200 1553
"GET /static/bootstrap.bundle.min.js.map HTTP/1.1" 404 1895
"GET /static/bootstrap.min.css.map HTTP/1.1" 404 1877
Inicio de sesión: 6
"POST /login/ HTTP/1.1" 302 0
"GET /main/ HTTP/1.1" 302 0
"GET /?next=/main/ HTTP/1.1" 200 1553
"GET /static/bootstrap.bundle.min.js.map HTTP/1.1" 404 1895
"GET /static/bootstrap.min.css.map HTTP/1.1" 404 1877
"GET /?next=/main/ HTTP/1.1" 200 1553
"GET /static/bootstrap.bundle.min.js.map HTTP/1.1" 404 1895
"GET /static/bootstrap.min.css.map HTTP/1.1" 404 1877
"GET /main/ HTTP/1.1" 302 0
"GET /?next=/main/ HTTP/1.1" 200 1553
"GET /static/bootstrap.bundle.min.js.map HTTP/1.1" 404 1895
"GET /static/bootstrap.min.css.map HTTP/1.1" 404 1877
Inicio de sesión: 6
"POST /login/ HTTP/1.1" 302 0
"GET /main/ HTTP/1.1" 302 0
"GET /?next=/main/ HTTP/1.1" 200 1553
"GET /static/bootstrap.bundle.min.js.map HTTP/1.1" 404 1895
"GET /static/bootstrap.min.css.map HTTP/1.1" 404 1877
C:\Users\enriq\Desktop\Proyectos\DAM\TFG\TFGDAM\GestorDDBB\Gestor\models.py changed, reloading.
Watching for file changes with StatReloader
C:\Users\enriq\Desktop\Proyectos\DAM\TFG\TFGDAM\GestorDDBB\Gestor\models.py changed, reloading.
Watching for file changes with StatReloader
C:\Users\enriq\Desktop\Proyectos\DAM\TFG\TFGDAM\GestorDDBB\GestorDDBB\settings.py changed, reloading.
Watching for file changes with StatReloader
C:\Users\enriq\Desktop\Proyectos\DAM\TFG\TFGDAM\GestorDDBB\GestorDDBB\settings.py changed, reloading.
Watching for file changes with StatReloader
C:\Users\enriq\Desktop\Proyectos\DAM\TFG\TFGDAM\GestorDDBB\Gestor\models.py changed, reloading.
Watching for file changes with StatReloader
"GET /?next=/main/ HTTP/1.1" 200 1553
"GET /static/bootstrap.bundle.min.js HTTP/1.1" 304 0
"GET /static/css/user/login.css HTTP/1.1" 304 0
"GET /static/bootstrap.bundle.min.js.map HTTP/1.1" 404 1895
"GET /static/bootstrap.min.css.map HTTP/1.1" 404 1877
Inicio de sesión: 6
"POST /login/ HTTP/1.1" 302 0
"GET /main/ HTTP/1.1" 302 0
"GET /?next=/main/ HTTP/1.1" 200 1553
"GET /static/bootstrap.min.css HTTP/1.1" 304 0
"GET /static/bootstrap.min.css.map HTTP/1.1" 404 1877
"GET /static/bootstrap.bundle.min.js.map HTTP/1.1" 404 1895
C:\Users\enriq\Desktop\Proyectos\DAM\TFG\TFGDAM\GestorDDBB\Gestor\views.py changed, reloading.
Watching for file changes with StatReloader
Inicio de sesión: 6
"POST /login/ HTTP/1.1" 302 0
"GET /main/ HTTP/1.1" 302 0
"GET /?next=/main/ HTTP/1.1" 200 1553
"GET /static/bootstrap.bundle.min.js.map HTTP/1.1" 404 1895
"GET /static/bootstrap.min.css.map HTTP/1.1" 404 1877
C:\Users\enriq\Desktop\Proyectos\DAM\TFG\TFGDAM\GestorDDBB\Gestor\views.py changed, reloading.
Watching for file changes with StatReloader
"GET / HTTP/1.1" 200 1553
"GET /static/fontawesome/css/fontawesome.css HTTP/1.1" 304 0
"GET /static/fontawesome/css/solid.css HTTP/1.1" 304 0
"GET /static/fontawesome/css/brands.css HTTP/1.1" 304 0
"GET /static/bootstrap.bundle.min.js.map HTTP/1.1" 404 1895
"GET /static/bootstrap.min.css.map HTTP/1.1" 404 1877
"GET /main/ HTTP/1.1" 200 1095
"GET /static/css/main.css HTTP/1.1" 200 0
Inicio de sesión: 6
"POST /login/ HTTP/1.1" 302 0
"GET /main/ HTTP/1.1" 200 1095
"GET /static/bootstrap.bundle.min.js.map HTTP/1.1" 404 1895
"GET /static/bootstrap.min.css.map HTTP/1.1" 404 1877
Internal Server Error: /main/
Traceback (most recent call last):
  File "C:\Users\enriq\AppData\Local\Programs\Python\Python313\Lib\site-packages\django\template\base.py", line 510, in parse
    compile_func = self.tags[command]
                   ~~~~~~~~~^^^^^^^^^
KeyError: "'user_id'"

During handling of the above exception, another exception occurred:

Traceback (most recent call last):
  File "C:\Users\enriq\AppData\Local\Programs\Python\Python313\Lib\site-packages\django\core\handlers\exception.py", line 55, in inner
    response = get_response(request)
  File "C:\Users\enriq\AppData\Local\Programs\Python\Python313\Lib\site-packages\django\core\handlers\base.py", line 197, in _get_response
    response = wrapped_callback(request, *callback_args, **callback_kwargs)
  File "C:\Users\enriq\Desktop\Proyectos\DAM\TFG\TFGDAM\GestorDDBB\Gestor\views.py", line 46, in main_view
    return render(request, 'main.html')
  File "C:\Users\enriq\AppData\Local\Programs\Python\Python313\Lib\site-packages\django\shortcuts.py", line 25, in render
    content = loader.render_to_string(template_name, context, request, using=using)
  File "C:\Users\enriq\AppData\Local\Programs\Python\Python313\Lib\site-packages\django\template\loader.py", line 62, in render_to_string
    return template.render(context, request)
           ~~~~~~~~~~~~~~~^^^^^^^^^^^^^^^^^^
  File "C:\Users\enriq\AppData\Local\Programs\Python\Python313\Lib\site-packages\django\template\backends\django.py", line 107, in render
    return self.template.render(context)
           ~~~~~~~~~~~~~~~~~~~~^^^^^^^^^
  File "C:\Users\enriq\AppData\Local\Programs\Python\Python313\Lib\site-packages\django\template\base.py", line 171, in render
    return self._render(context)
           ~~~~~~~~~~~~^^^^^^^^^
  File "C:\Users\enriq\AppData\Local\Programs\Python\Python313\Lib\site-packages\django\template\base.py", line 163, in _render
    return self.nodelist.render(context)
           ~~~~~~~~~~~~~~~~~~~~^^^^^^^^^
  File "C:\Users\enriq\AppData\Local\Programs\Python\Python313\Lib\site-packages\django\template\base.py", line 1008, in render
    return SafeString("".join([node.render_annotated(context) for node in self]))
                               ~~~~~~~~~~~~~~~~~~~~~^^^^^^^^^
  File "C:\Users\enriq\AppData\Local\Programs\Python\Python313\Lib\site-packages\django\template\base.py", line 969, in render_annotated
    return self.render(context)
           ~~~~~~~~~~~^^^^^^^^^
  File "C:\Users\enriq\AppData\Local\Programs\Python\Python313\Lib\site-packages\django\template\loader_tags.py", line 159, in render
    return compiled_parent._render(context)
           ~~~~~~~~~~~~~~~~~~~~~~~^^^^^^^^^
  File "C:\Users\enriq\AppData\Local\Programs\Python\Python313\Lib\site-packages\django\template\base.py", line 163, in _render
    return self.nodelist.render(context)
           ~~~~~~~~~~~~~~~~~~~~^^^^^^^^^
  File "C:\Users\enriq\AppData\Local\Programs\Python\Python313\Lib\site-packages\django\template\base.py", line 1008, in render
    return SafeString("".join([node.render_annotated(context) for node in self]))
                               ~~~~~~~~~~~~~~~~~~~~~^^^^^^^^^
  File "C:\Users\enriq\AppData\Local\Programs\Python\Python313\Lib\site-packages\django\template\base.py", line 969, in render_annotated
    return self.render(context)
           ~~~~~~~~~~~^^^^^^^^^
  File "C:\Users\enriq\AppData\Local\Programs\Python\Python313\Lib\site-packages\django\template\loader_tags.py", line 199, in render
    template = context.template.engine.select_template(template_name)
  File "C:\Users\enriq\AppData\Local\Programs\Python\Python313\Lib\site-packages\django\template\engine.py", line 208, in select_template
    return self.get_template(template_name)
           ~~~~~~~~~~~~~~~~~^^^^^^^^^^^^^^^
  File "C:\Users\enriq\AppData\Local\Programs\Python\Python313\Lib\site-packages\django\template\engine.py", line 177, in get_template
    template, origin = self.find_template(template_name)
                       ~~~~~~~~~~~~~~~~~~^^^^^^^^^^^^^^^
  File "C:\Users\enriq\AppData\Local\Programs\Python\Python313\Lib\site-packages\django\template\engine.py", line 159, in find_template
    template = loader.get_template(name, skip=skip)
  File "C:\Users\enriq\AppData\Local\Programs\Python\Python313\Lib\site-packages\django\template\loaders\cached.py", line 57, in get_template
    template = super().get_template(template_name, skip)
  File "C:\Users\enriq\AppData\Local\Programs\Python\Python313\Lib\site-packages\django\template\loaders\base.py", line 28, in get_template
    return Template(
        contents,
    ...<2 lines>...
        self.engine,
    )
  File "C:\Users\enriq\AppData\Local\Programs\Python\Python313\Lib\site-packages\django\template\base.py", line 154, in __init__
    self.nodelist = self.compile_nodelist()
                    ~~~~~~~~~~~~~~~~~~~~~^^
  File "C:\Users\enriq\AppData\Local\Programs\Python\Python313\Lib\site-packages\django\template\base.py", line 196, in compile_nodelist
    nodelist = parser.parse()
  File "C:\Users\enriq\AppData\Local\Programs\Python\Python313\Lib\site-packages\django\template\base.py", line 512, in parse
    self.invalid_block_tag(token, command, parse_until)
    ~~~~~~~~~~~~~~~~~~~~~~^^^^^^^^^^^^^^^^^^^^^^^^^^^^^
  File "C:\Users\enriq\AppData\Local\Programs\Python\Python313\Lib\site-packages\django\template\base.py", line 573, in invalid_block_tag
    raise self.error(
    ...<3 lines>...
    )
django.template.exceptions.TemplateSyntaxError: Invalid block tag on line 4: ''user_id''. Did you forget to register or load this tag?
"GET /main/ HTTP/1.1" 500 177229
"GET /main/ HTTP/1.1" 200 1286
"GET /static/bootstrap.bundle.min.js.map HTTP/1.1" 404 1895
"GET /static/bootstrap.min.css.map HTTP/1.1" 404 1877
"GET /static/fontawesome/webfonts/fa-solid-900.woff2 HTTP/1.1" 304 0
"GET /logout/ HTTP/1.1" 302 0
"GET / HTTP/1.1" 200 1554
"GET /static/bootstrap.bundle.min.js.map HTTP/1.1" 404 1895
"GET /static/bootstrap.min.css.map HTTP/1.1" 404 1877
"GET /main/ HTTP/1.1" 302 0
"GET / HTTP/1.1" 200 1554
"GET /static/bootstrap.bundle.min.js.map HTTP/1.1" 404 1895
"GET /static/bootstrap.min.css.map HTTP/1.1" 404 1877
Inicio de sesión: 6
"POST /login/ HTTP/1.1" 302 0
"GET /main/ HTTP/1.1" 200 1286
"GET /static/bootstrap.bundle.min.js.map HTTP/1.1" 404 1895
"GET /static/bootstrap.min.css.map HTTP/1.1" 404 1877
"GET /logout/ HTTP/1.1" 302 0
"GET / HTTP/1.1" 200 1554
"GET /static/css/style.css HTTP/1.1" 304 0
"GET /static/bootstrap.bundle.min.js.map HTTP/1.1" 404 1895
"GET /static/bootstrap.min.css.map HTTP/1.1" 404 1877
C:\Users\enriq\Desktop\Proyectos\DAM\TFG\TFGDAM\GestorDDBB\Gestor\views.py changed, reloading.
Watching for file changes with StatReloader
C:\Users\enriq\Desktop\Proyectos\DAM\TFG\TFGDAM\GestorDDBB\Gestor\views.py changed, reloading.
Watching for file changes with StatReloader
C:\Users\enriq\Desktop\Proyectos\DAM\TFG\TFGDAM\GestorDDBB\Gestor\views.py changed, reloading.
Watching for file changes with StatReloader
C:\Users\enriq\Desktop\Proyectos\DAM\TFG\TFGDAM\GestorDDBB\Gestor\views.py changed, reloading.
Watching for file changes with StatReloader
C:\Users\enriq\Desktop\Proyectos\DAM\TFG\TFGDAM\GestorDDBB\GestorDDBB\settings.py changed, reloading.
Watching for file changes with StatReloader
C:\Users\enriq\Desktop\Proyectos\DAM\TFG\TFGDAM\GestorDDBB\GestorDDBB\settings.py changed, reloading.
Watching for file changes with StatReloader
"GET / HTTP/1.1" 200 1554
"GET /static/bootstrap.bundle.min.js.map HTTP/1.1" 404 1895
"GET /static/bootstrap.min.css.map HTTP/1.1" 404 1877
Watching for file changes with StatReloader
Watching for file changes with StatReloader
"GET / HTTP/1.1" 200 1554
"GET /static/css/style.css HTTP/1.1" 304 0
"GET /static/bootstrap.min.css HTTP/1.1" 304 0
"GET /static/fontawesome/css/brands.css HTTP/1.1" 304 0
"GET /static/fontawesome/css/fontawesome.css HTTP/1.1" 304 0
"GET /static/bootstrap.bundle.min.js HTTP/1.1" 304 0
"GET /static/fontawesome/css/solid.css HTTP/1.1" 304 0
"GET /static/css/user/login.css HTTP/1.1" 304 0
Not Found: /favicon.ico
"GET /favicon.ico HTTP/1.1" 404 2710
"GET / HTTP/1.1" 200 1640
"GET / HTTP/1.1" 200 1630
"GET /static/bootstrap.bundle.min.js.map HTTP/1.1" 404 1895
"GET /static/bootstrap.min.css.map HTTP/1.1" 404 1877
C:\Users\enriq\Desktop\Proyectos\DAM\TFG\TFGDAM\GestorDDBB\GestorDDBB\settings.py changed, reloading.
Watching for file changes with StatReloader
C:\Users\enriq\Desktop\Proyectos\DAM\TFG\TFGDAM\GestorDDBB\GestorDDBB\settings.py changed, reloading.
Watching for file changes with StatReloader
"GET / HTTP/1.1" 200 1630
"GET /static/bootstrap.bundle.min.js.map HTTP/1.1" 404 1895
"GET /static/bootstrap.min.css.map HTTP/1.1" 404 1877
Watching for file changes with StatReloader
"GET / HTTP/1.1" 200 1630
"GET /static/bootstrap.bundle.min.js.map HTTP/1.1" 404 1895
"GET /static/bootstrap.min.css.map HTTP/1.1" 404 1877
"GET / HTTP/1.1" 200 1630
"GET /static/bootstrap.bundle.min.js.map HTTP/1.1" 404 1895
"GET /static/bootstrap.min.css.map HTTP/1.1" 404 1877
C:\Users\enriq\Desktop\Proyectos\DAM\TFG\TFGDAM\GestorDDBB\GestorDDBB\settings.py changed, reloading.
Watching for file changes with StatReloader
C:\Users\enriq\Desktop\Proyectos\DAM\TFG\TFGDAM\GestorDDBB\GestorDDBB\settings.py changed, reloading.
Watching for file changes with StatReloader
"GET / HTTP/1.1" 200 1630
"GET /static/bootstrap.bundle.min.js.map HTTP/1.1" 404 1895
"GET /static/bootstrap.min.css.map HTTP/1.1" 404 1877
"GET / HTTP/1.1" 200 1630
"GET /static/bootstrap.bundle.min.js.map HTTP/1.1" 404 1895
"GET /static/bootstrap.min.css.map HTTP/1.1" 404 1877
C:\Users\enriq\Desktop\Proyectos\DAM\TFG\TFGDAM\GestorDDBB\GestorDDBB\settings.py changed, reloading.
Watching for file changes with StatReloader
"GET /static/css/style.css HTTP/1.1" 200 137
Not Found: /favicon.ico
"GET /favicon.ico HTTP/1.1" 404 2710
"GET / HTTP/1.1" 200 1630
"GET /static/bootstrap.bundle.min.js.map HTTP/1.1" 404 1895
"GET /static/bootstrap.min.css.map HTTP/1.1" 404 1877
Watching for file changes with StatReloader
"GET / HTTP/1.1" 200 1696
"GET /static/bootstrap.bundle.min.js.map HTTP/1.1" 404 1895
"GET /static/bootstrap.min.css.map HTTP/1.1" 404 1877
"GET /static/css/style.css HTTP/1.1" 304 0
"GET /static/css/style.css HTTP/1.1" 304 0
"GET / HTTP/1.1" 200 1696
"GET /static/css/user/login.css HTTP/1.1" 200 0
"GET /static/fontawesome/css/fontawesome.css HTTP/1.1" 200 83677
"GET /static/bootstrap.min.css HTTP/1.1" 200 232803
"GET /static/fontawesome/css/solid.css HTTP/1.1" 200 625
"GET /static/fontawesome/css/brands.css HTTP/1.1" 200 19852
"GET /static/bootstrap.bundle.min.js HTTP/1.1" 200 80721
"GET /static/bootstrap.bundle.min.js.map HTTP/1.1" 404 1895
"GET /static/bootstrap.min.css.map HTTP/1.1" 404 1877
"GET / HTTP/1.1" 200 1696
C:\Users\enriq\Desktop\Proyectos\DAM\TFG\TFGDAM\GestorDDBB\GestorDDBB\settings.py changed, reloading.
Watching for file changes with StatReloader
Watching for file changes with StatReloader
"GET / HTTP/1.1" 200 1696
"GET /static/css/style.css HTTP/1.1" 304 0
"GET / HTTP/1.1" 200 1696
Watching for file changes with StatReloader
"GET / HTTP/1.1" 200 1696
"GET /static/css/style.css HTTP/1.1" 304 0
"GET /static/bootstrap.bundle.min.js.map HTTP/1.1" 404 1895
"GET /static/bootstrap.min.css.map HTTP/1.1" 404 1877
"GET / HTTP/1.1" 200 1630
"GET /static/bootstrap.bundle.min.js.map HTTP/1.1" 404 1895
"GET /static/bootstrap.min.css.map HTTP/1.1" 404 1877
"GET /static/css/main.css HTTP/1.1" 200 0
"GET /static/css/style.css HTTP/1.1" 304 0
"GET /static/css/main.css HTTP/1.1" 200 138
"GET /static/css/user/login.css HTTP/1.1" 200 144
Not Found: /favicon.ico
"GET /favicon.ico HTTP/1.1" 404 2710
"GET /static/css/user/login.css HTTP/1.1" 200 144
"GET / HTTP/1.1" 200 1698
"GET /static/css/style.css HTTP/1.1" 304 0
"GET /static/bootstrap.bundle.min.js.map HTTP/1.1" 404 1895
"GET /static/bootstrap.min.css.map HTTP/1.1" 404 1877
"GET / HTTP/1.1" 200 1698
"GET /static/bootstrap.bundle.min.js.map HTTP/1.1" 404 1895
"GET /static/bootstrap.min.css.map HTTP/1.1" 404 1877
"GET /static/css/user/login.css HTTP/1.1" 304 0
"GET / HTTP/1.1" 200 1698
"GET /static/bootstrap.bundle.min.js.map HTTP/1.1" 404 1895
"GET /static/bootstrap.min.css.map HTTP/1.1" 404 1877
"GET / HTTP/1.1" 200 1698
"GET /static/bootstrap.bundle.min.js.map HTTP/1.1" 404 1895
"GET /static/bootstrap.min.css.map HTTP/1.1" 404 1877
"GET /static/css/user/login.css HTTP/1.1" 304 0
"GET / HTTP/1.1" 200 1698
"GET /static/bootstrap.bundle.min.js.map HTTP/1.1" 404 1895
"GET /static/bootstrap.min.css.map HTTP/1.1" 404 1877
"GET / HTTP/1.1" 200 1698
"GET /static/css/style.css HTTP/1.1" 200 137
"GET /static/fontawesome/css/fontawesome.css HTTP/1.1" 200 83677
"GET /static/bootstrap.min.css HTTP/1.1" 200 232803
"GET /static/fontawesome/css/brands.css HTTP/1.1" 200 19852
"GET /static/fontawesome/css/solid.css HTTP/1.1" 200 625
"GET /static/bootstrap.bundle.min.js HTTP/1.1" 200 80721
"GET /static/css/user/login.css HTTP/1.1" 200 173
"GET /static/bootstrap.bundle.min.js.map HTTP/1.1" 404 1895
"GET /static/bootstrap.min.css.map HTTP/1.1" 404 1877
Not Found: /favicon.ico
"GET /favicon.ico HTTP/1.1" 404 2710
"GET / HTTP/1.1" 200 1762
"GET /static/css/style.css HTTP/1.1" 200 137
"GET /static/fontawesome/css/brands.css HTTP/1.1" 200 19852
"GET /static/fontawesome/css/fontawesome.css HTTP/1.1" 200 83677
"GET /static/bootstrap.bundle.min.js HTTP/1.1" 200 80721
"GET /static/bootstrap.min.css HTTP/1.1" 200 232803
"GET /static/fontawesome/css/solid.css HTTP/1.1" 200 625
"GET /static/css/user/login.css HTTP/1.1" 200 173
"GET /static/bootstrap.bundle.min.js.map HTTP/1.1" 404 1895
"GET /static/bootstrap.min.css.map HTTP/1.1" 404 1877
Not Found: /favicon.ico
"GET /favicon.ico HTTP/1.1" 404 2710
"GET / HTTP/1.1" 200 1771
"GET /static/css/style.css HTTP/1.1" 200 137
"GET /static/fontawesome/css/brands.css HTTP/1.1" 200 19852
"GET /static/fontawesome/css/fontawesome.css HTTP/1.1" 200 83677
"GET /static/bootstrap.min.css HTTP/1.1" 200 232803
"GET /static/bootstrap.bundle.min.js HTTP/1.1" 200 80721
"GET /static/fontawesome/css/solid.css HTTP/1.1" 200 625
"GET /static/css/user/login.css HTTP/1.1" 200 173
"GET /static/bootstrap.bundle.min.js.map HTTP/1.1" 404 1895
"GET /static/bootstrap.min.css.map HTTP/1.1" 404 1877
Not Found: /favicon.ico
"GET /favicon.ico HTTP/1.1" 404 2710
"GET / HTTP/1.1" 200 1778
"GET /static/css/style.css HTTP/1.1" 200 137
"GET /static/fontawesome/css/brands.css HTTP/1.1" 200 19852
"GET /static/bootstrap.min.css HTTP/1.1" 200 232803
"GET /static/bootstrap.bundle.min.js HTTP/1.1" 200 80721
"GET /static/fontawesome/css/fontawesome.css HTTP/1.1" 200 83677
"GET /static/fontawesome/css/solid.css HTTP/1.1" 200 625
"GET /static/css/user/login.css HTTP/1.1" 200 173
"GET /static/bootstrap.bundle.min.js.map HTTP/1.1" 404 1895
"GET /static/bootstrap.min.css.map HTTP/1.1" 404 1877
Not Found: /favicon.ico
"GET /favicon.ico HTTP/1.1" 404 2710
"GET / HTTP/1.1" 200 1778
"GET /static/css/style.css HTTP/1.1" 200 137
"GET /static/bootstrap.bundle.min.js HTTP/1.1" 200 80721
"GET /static/fontawesome/css/fontawesome.css HTTP/1.1" 200 83677
"GET /static/fontawesome/css/brands.css HTTP/1.1" 200 19852
"GET /static/bootstrap.min.css HTTP/1.1" 200 232803
"GET /static/fontawesome/css/solid.css HTTP/1.1" 200 625
"GET /static/css/user/login.css HTTP/1.1" 200 173
"GET /static/bootstrap.bundle.min.js.map HTTP/1.1" 404 1895
"GET /static/bootstrap.min.css.map HTTP/1.1" 404 1877
Not Found: /favicon.ico
"GET /favicon.ico HTTP/1.1" 404 2710
"GET / HTTP/1.1" 200 1778
"GET /static/css/style.css HTTP/1.1" 200 137
"GET /static/bootstrap.min.css HTTP/1.1" 200 232803
"GET /static/fontawesome/css/fontawesome.css HTTP/1.1" 200 83677
"GET /static/fontawesome/css/brands.css HTTP/1.1" 200 19852
"GET /static/fontawesome/css/solid.css HTTP/1.1" 200 625
"GET /static/bootstrap.bundle.min.js HTTP/1.1" 200 80721
"GET /static/css/user/login.css HTTP/1.1" 200 283
"GET /static/bootstrap.bundle.min.js.map HTTP/1.1" 404 1895
"GET /static/bootstrap.min.css.map HTTP/1.1" 404 1877
Not Found: /favicon.ico
"GET /favicon.ico HTTP/1.1" 404 2710
"GET / HTTP/1.1" 200 1848
"GET /static/css/user/login.css HTTP/1.1" 304 0
"GET /static/bootstrap.min.css.map HTTP/1.1" 404 1877
"GET /static/bootstrap.bundle.min.js.map HTTP/1.1" 404 1895
"GET / HTTP/1.1" 200 1848
"GET /static/css/style.css HTTP/1.1" 304 0
"GET /static/css/user/login.css HTTP/1.1" 304 0
"GET /static/bootstrap.min.css.map HTTP/1.1" 404 1877
"GET /static/bootstrap.bundle.min.js.map HTTP/1.1" 404 1895
2025-03-31 22:02:51 - Inicio de sesión: 6
"POST /login/ HTTP/1.1" 302 0
"GET /main/ HTTP/1.1" 200 1432
"GET /static/css/main.css HTTP/1.1" 200 0
"GET /static/bootstrap.bundle.min.js.map HTTP/1.1" 404 1895
"GET /static/fontawesome/webfonts/fa-solid-900.woff2 HTTP/1.1" 200 158220
"GET /static/bootstrap.min.css.map HTTP/1.1" 404 1877
Not Found: /main/favicon.ico
"GET /main/favicon.ico HTTP/1.1" 404 2725
"GET /main/ HTTP/1.1" 200 1578
"GET /static/bootstrap.bundle.min.js.map HTTP/1.1" 404 1895
"GET /static/bootstrap.min.css.map HTTP/1.1" 404 1877
"GET /main/ HTTP/1.1" 200 1578
"GET /static/bootstrap.bundle.min.js.map HTTP/1.1" 404 1895
"GET /static/bootstrap.min.css.map HTTP/1.1" 404 1877
"GET /main/ HTTP/1.1" 200 1562
"GET /static/bootstrap.bundle.min.js.map HTTP/1.1" 404 1895
"GET /static/bootstrap.min.css.map HTTP/1.1" 404 1877
"GET /main/ HTTP/1.1" 200 1598
"GET /static/bootstrap.bundle.min.js.map HTTP/1.1" 404 1895
"GET /static/bootstrap.min.css.map HTTP/1.1" 404 1877
"GET /main/ HTTP/1.1" 200 1598
"GET /static/css/style.css HTTP/1.1" 200 173
"GET /static/bootstrap.min.css HTTP/1.1" 200 232803
"GET /static/fontawesome/css/fontawesome.css HTTP/1.1" 200 83677
"GET /static/fontawesome/css/brands.css HTTP/1.1" 200 19852
"GET /static/fontawesome/css/solid.css HTTP/1.1" 200 625
"GET /static/css/main.css HTTP/1.1" 200 0
"GET /static/bootstrap.bundle.min.js HTTP/1.1" 200 80721
"GET /static/bootstrap.bundle.min.js.map HTTP/1.1" 404 1895
"GET /static/fontawesome/webfonts/fa-solid-900.woff2 HTTP/1.1" 200 158220
"GET /static/bootstrap.min.css.map HTTP/1.1" 404 1877
Not Found: /main/favicon.ico
"GET /main/favicon.ico HTTP/1.1" 404 2725
"GET /main/ HTTP/1.1" 200 1577
"GET /static/css/style.css HTTP/1.1" 200 173
"GET /static/bootstrap.min.css HTTP/1.1" 200 232803
"GET /static/fontawesome/css/fontawesome.css HTTP/1.1" 200 83677
"GET /static/fontawesome/css/brands.css HTTP/1.1" 200 19852
"GET /static/fontawesome/css/solid.css HTTP/1.1" 200 625
"GET /static/css/main.css HTTP/1.1" 200 0
"GET /static/bootstrap.bundle.min.js HTTP/1.1" 200 80721
"GET /static/bootstrap.bundle.min.js.map HTTP/1.1" 404 1895
"GET /static/fontawesome/webfonts/fa-solid-900.woff2 HTTP/1.1" 200 158220
"GET /static/bootstrap.min.css.map HTTP/1.1" 404 1877
Not Found: /main/favicon.ico
"GET /main/favicon.ico HTTP/1.1" 404 2725
"GET /main/ HTTP/1.1" 200 1580
"GET /static/css/style.css HTTP/1.1" 200 173
"GET /static/css/main.css HTTP/1.1" 200 0
"GET /static/fontawesome/css/solid.css HTTP/1.1" 200 625
"GET /static/fontawesome/css/brands.css HTTP/1.1" 200 19852
"GET /static/fontawesome/css/fontawesome.css HTTP/1.1" 200 83677
"GET /static/bootstrap.bundle.min.js HTTP/1.1" 200 80721
"GET /static/bootstrap.min.css HTTP/1.1" 200 232803
"GET /static/bootstrap.bundle.min.js.map HTTP/1.1" 404 1895
"GET /static/fontawesome/webfonts/fa-solid-900.woff2 HTTP/1.1" 200 158220
"GET /static/bootstrap.min.css.map HTTP/1.1" 404 1877
Not Found: /main/favicon.ico
"GET /main/favicon.ico HTTP/1.1" 404 2725
"GET /main/ HTTP/1.1" 200 1546
"GET /static/bootstrap.bundle.min.js HTTP/1.1" 200 80721
"GET /static/bootstrap.min.css HTTP/1.1" 200 232803
"GET /static/fontawesome/css/fontawesome.css HTTP/1.1" 200 83677
"GET /static/css/style.css HTTP/1.1" 200 224
"GET /static/fontawesome/css/brands.css HTTP/1.1" 200 19852
"GET /static/css/main.css HTTP/1.1" 200 0
"GET /static/fontawesome/css/solid.css HTTP/1.1" 200 625
"GET /static/bootstrap.bundle.min.js.map HTTP/1.1" 404 1895
"GET /static/fontawesome/webfonts/fa-solid-900.woff2 HTTP/1.1" 200 158220
"GET /static/bootstrap.min.css.map HTTP/1.1" 404 1877
Not Found: /main/favicon.ico
"GET /main/favicon.ico HTTP/1.1" 404 2725
"GET /main/ HTTP/1.1" 200 1546
"GET /static/css/style.css HTTP/1.1" 200 327
"GET /static/bootstrap.bundle.min.js HTTP/1.1" 200 80721
"GET /static/bootstrap.min.css HTTP/1.1" 200 232803
"GET /static/fontawesome/css/fontawesome.css HTTP/1.1" 200 83677
"GET /static/fontawesome/css/brands.css HTTP/1.1" 200 19852
"GET /static/fontawesome/css/solid.css HTTP/1.1" 200 625
"GET /static/css/main.css HTTP/1.1" 200 0
"GET /static/bootstrap.bundle.min.js.map HTTP/1.1" 404 1895
"GET /static/fontawesome/webfonts/fa-solid-900.woff2 HTTP/1.1" 200 158220
"GET /static/bootstrap.min.css.map HTTP/1.1" 404 1877
Not Found: /main/favicon.ico
"GET /main/favicon.ico HTTP/1.1" 404 2725
"GET /main/ HTTP/1.1" 200 1546
"GET /static/css/style.css HTTP/1.1" 200 381
"GET /static/bootstrap.min.css HTTP/1.1" 200 232803
"GET /static/bootstrap.bundle.min.js HTTP/1.1" 200 80721
"GET /static/fontawesome/css/fontawesome.css HTTP/1.1" 200 83677
"GET /static/fontawesome/css/brands.css HTTP/1.1" 200 19852
"GET /static/css/main.css HTTP/1.1" 200 0
"GET /static/fontawesome/css/solid.css HTTP/1.1" 200 625
"GET /static/bootstrap.bundle.min.js.map HTTP/1.1" 404 1895
"GET /static/fontawesome/webfonts/fa-solid-900.woff2 HTTP/1.1" 200 158220
"GET /static/bootstrap.min.css.map HTTP/1.1" 404 1877
Not Found: /main/favicon.ico
"GET /main/favicon.ico HTTP/1.1" 404 2725
"GET /logout/ HTTP/1.1" 302 0
"GET / HTTP/1.1" 200 1990
"GET /static/css/style.css HTTP/1.1" 304 0
"GET /static/bootstrap.min.css.map HTTP/1.1" 404 1877
"GET /static/bootstrap.bundle.min.js.map HTTP/1.1" 404 1895
Not Found: /favicon.ico
"GET /favicon.ico HTTP/1.1" 404 2710
"GET /static/css/style.css HTTP/1.1" 304 0
"GET /static/bootstrap.bundle.min.js.map HTTP/1.1" 404 1895
"GET /static/bootstrap.min.css.map HTTP/1.1" 404 1877
"GET /static/bootstrap.min.css.map HTTP/1.1" 404 1877
"GET /static/bootstrap.bundle.min.js.map HTTP/1.1" 404 1895
Watching for file changes with StatReloader
Watching for file changes with StatReloader
Not Found: /favicon.ico
"GET /favicon.ico HTTP/1.1" 404 2710
"GET / HTTP/1.1" 200 1990
"GET /static/css/style.css HTTP/1.1" 304 0
"GET /static/bootstrap.min.css HTTP/1.1" 304 0
"GET /static/bootstrap.bundle.min.js HTTP/1.1" 304 0
"GET /static/fontawesome/css/fontawesome.css HTTP/1.1" 304 0
"GET /static/fontawesome/css/brands.css HTTP/1.1" 304 0
"GET /static/fontawesome/css/solid.css HTTP/1.1" 304 0
"GET /static/css/user/login.css HTTP/1.1" 304 0
2025-04-01 17:00:55 - Inicio de sesión: 6
"POST /login/ HTTP/1.1" 302 0
"GET /main/ HTTP/1.1" 200 1546
"GET /static/css/main.css HTTP/1.1" 304 0
"GET /static/fontawesome/webfonts/fa-solid-900.woff2 HTTP/1.1" 304 0
Not Found: /main/favicon.ico
"GET /main/favicon.ico HTTP/1.1" 404 2725
"GET /main/ HTTP/1.1" 200 1546
"GET /main/ HTTP/1.1" 200 1546
"GET /static/css/style.css HTTP/1.1" 200 381
"GET /static/bootstrap.bundle.min.js HTTP/1.1" 200 80721
"GET /static/fontawesome/css/brands.css HTTP/1.1" 200 19852
"GET /static/fontawesome/css/fontawesome.css HTTP/1.1" 200 83677
"GET /static/bootstrap.min.css HTTP/1.1" 200 232803
"GET /static/fontawesome/css/solid.css HTTP/1.1" 200 625
"GET /static/css/main.css HTTP/1.1" 200 33
"GET /static/fontawesome/webfonts/fa-solid-900.woff2 HTTP/1.1" 200 158220
Not Found: /main/favicon.ico
"GET /main/favicon.ico HTTP/1.1" 404 2725
"GET /static/css/main.css HTTP/1.1" 304 0
"GET /static/bootstrap.bundle.min.js.map HTTP/1.1" 404 1895
"GET /static/bootstrap.min.css.map HTTP/1.1" 404 1877
"GET /main/ HTTP/1.1" 200 1546
"GET /static/css/style.css HTTP/1.1" 200 453
"GET /static/bootstrap.bundle.min.js HTTP/1.1" 200 80721
"GET /static/fontawesome/css/fontawesome.css HTTP/1.1" 200 83677
"GET /static/fontawesome/css/brands.css HTTP/1.1" 200 19852
"GET /static/bootstrap.min.css HTTP/1.1" 200 232803
"GET /static/fontawesome/css/solid.css HTTP/1.1" 200 625
"GET /static/css/main.css HTTP/1.1" 200 33
"GET /static/bootstrap.bundle.min.js.map HTTP/1.1" 404 1895
"GET /static/fontawesome/webfonts/fa-solid-900.woff2 HTTP/1.1" 200 158220
"GET /static/bootstrap.min.css.map HTTP/1.1" 404 1877
Not Found: /main/favicon.ico
"GET /main/favicon.ico HTTP/1.1" 404 2725
